[0.011s] Invoking command in '/home/saul/vineyard_ws/src/vineyard-mybot/build/vineyard-mybot': CMAKE_PREFIX_PATH=${CMAKE_PREFIX_PATH}:/opt/ros/kilted DEBUGINFOD_URLS=https://debuginfod.ubuntu.com /usr/bin/cmake /home/saul/vineyard_ws/src/vineyard-mybot -DAMENT_CMAKE_SYMLINK_INSTALL=1 -DCMAKE_INSTALL_PREFIX=/home/saul/vineyard_ws/src/vineyard-mybot/install/vineyard-mybot
[0.067s] -- The C compiler identification is GNU 13.3.0
[0.129s] -- The CXX compiler identification is GNU 13.3.0
[0.149s] -- Detecting C compiler ABI info
[0.246s] -- Detecting C compiler ABI info - done
[0.254s] -- Check for working C compiler: /usr/bin/cc - skipped
[0.255s] -- Detecting C compile features
[0.255s] -- Detecting C compile features - done
[0.267s] -- Detecting CXX compiler ABI info
[0.376s] -- Detecting CXX compiler ABI info - done
[0.385s] -- Check for working CXX compiler: /usr/bin/c++ - skipped
[0.385s] -- Detecting CXX compile features
[0.385s] -- Detecting CXX compile features - done
[0.389s] -- Found ament_cmake: 2.7.3 (/opt/ros/kilted/share/ament_cmake/cmake)
[0.533s] -- Found Python3: /usr/bin/python3 (found version "3.12.3") found components: Interpreter 
[0.600s] -- Override CMake install command with custom implementation using symlinks instead of copying resources
[0.638s] -- Found ament_lint_auto: 0.19.2 (/opt/ros/kilted/share/ament_lint_auto/cmake)
[0.745s] -- Added test 'copyright' to check source files copyright and LICENSE
[0.762s] -- Added test 'cppcheck' to perform static code analysis on C / C++ code
[0.762s] -- Configured cppcheck include dirs: 
[0.762s] -- Configured cppcheck exclude dirs and/or files: 
[0.778s] -- Added test 'cpplint' to check C / C++ code against the Google style
[0.778s] -- Configured cpplint exclude dirs and/or files: 
[0.780s] -- Added test 'flake8' to check Python code syntax and style conventions
[0.780s] -- Configured 'flake8' exclude dirs and/or files: 
[0.785s] -- Added test 'lint_cmake' to check CMake code style
[0.787s] -- Added test 'pep257' to check Python code against some of the docstring style conventions in PEP 257
[0.804s] -- Added test 'uncrustify' to check C / C++ code style
[0.804s] -- Configured uncrustify additional arguments: 
[0.806s] -- Added test 'xmllint' to check XML markup files
[0.809s] -- Configuring done (0.8s)
[0.814s] -- Generating done (0.0s)
[0.816s] -- Build files have been written to: /home/saul/vineyard_ws/src/vineyard-mybot/build/vineyard-mybot
[0.824s] Invoked command in '/home/saul/vineyard_ws/src/vineyard-mybot/build/vineyard-mybot' returned '0': CMAKE_PREFIX_PATH=${CMAKE_PREFIX_PATH}:/opt/ros/kilted DEBUGINFOD_URLS=https://debuginfod.ubuntu.com /usr/bin/cmake /home/saul/vineyard_ws/src/vineyard-mybot -DAMENT_CMAKE_SYMLINK_INSTALL=1 -DCMAKE_INSTALL_PREFIX=/home/saul/vineyard_ws/src/vineyard-mybot/install/vineyard-mybot
[0.825s] Invoking command in '/home/saul/vineyard_ws/src/vineyard-mybot/build/vineyard-mybot': CMAKE_PREFIX_PATH=${CMAKE_PREFIX_PATH}:/opt/ros/kilted DEBUGINFOD_URLS=https://debuginfod.ubuntu.com /usr/bin/cmake --build /home/saul/vineyard_ws/src/vineyard-mybot/build/vineyard-mybot -- -j16 -l16
[0.872s] Invoked command in '/home/saul/vineyard_ws/src/vineyard-mybot/build/vineyard-mybot' returned '0': CMAKE_PREFIX_PATH=${CMAKE_PREFIX_PATH}:/opt/ros/kilted DEBUGINFOD_URLS=https://debuginfod.ubuntu.com /usr/bin/cmake --build /home/saul/vineyard_ws/src/vineyard-mybot/build/vineyard-mybot -- -j16 -l16
[0.883s] Invoking command in '/home/saul/vineyard_ws/src/vineyard-mybot/build/vineyard-mybot': CMAKE_PREFIX_PATH=${CMAKE_PREFIX_PATH}:/opt/ros/kilted DEBUGINFOD_URLS=https://debuginfod.ubuntu.com /usr/bin/cmake --install /home/saul/vineyard_ws/src/vineyard-mybot/build/vineyard-mybot
[0.892s] -- Install configuration: ""
[0.892s] -- Execute custom install script
[0.892s] -- Symlinking: /home/saul/vineyard_ws/src/vineyard-mybot/install/vineyard-mybot/share/vineyard-mybot/config/empty.yaml
[0.902s] -- Symlinking: /home/saul/vineyard_ws/src/vineyard-mybot/install/vineyard-mybot/share/vineyard-mybot/description/constants.xacro
[0.913s] -- Symlinking: /home/saul/vineyard_ws/src/vineyard-mybot/install/vineyard-mybot/share/vineyard-mybot/description/materials.xacro
[0.925s] -- Symlinking: /home/saul/vineyard_ws/src/vineyard-mybot/install/vineyard-mybot/share/vineyard-mybot/description/mower_robot.urdf.xacro
[0.935s] -- Symlinking: /home/saul/vineyard_ws/src/vineyard-mybot/install/vineyard-mybot/share/vineyard-mybot/description/robot_frame.xacro
[0.946s] -- Symlinking: /home/saul/vineyard_ws/src/vineyard-mybot/install/vineyard-mybot/share/vineyard-mybot/launch/rsp.launch.py
[0.957s] -- Symlinking: /home/saul/vineyard_ws/src/vineyard-mybot/install/vineyard-mybot/share/vineyard-mybot/worlds/empty.world
[0.967s] -- Symlinking: /home/saul/vineyard_ws/src/vineyard-mybot/install/vineyard-mybot/share/ament_index/resource_index/package_run_dependencies/vineyard-mybot
[0.977s] -- Symlinking: /home/saul/vineyard_ws/src/vineyard-mybot/install/vineyard-mybot/share/ament_index/resource_index/parent_prefix_path/vineyard-mybot
[0.987s] -- Symlinking: /home/saul/vineyard_ws/src/vineyard-mybot/install/vineyard-mybot/share/vineyard-mybot/environment/ament_prefix_path.sh
[0.997s] -- Symlinking: /home/saul/vineyard_ws/src/vineyard-mybot/install/vineyard-mybot/share/vineyard-mybot/environment/ament_prefix_path.dsv
[1.007s] -- Symlinking: /home/saul/vineyard_ws/src/vineyard-mybot/install/vineyard-mybot/share/vineyard-mybot/environment/path.sh
[1.020s] -- Symlinking: /home/saul/vineyard_ws/src/vineyard-mybot/install/vineyard-mybot/share/vineyard-mybot/environment/path.dsv
[1.030s] -- Symlinking: /home/saul/vineyard_ws/src/vineyard-mybot/install/vineyard-mybot/share/vineyard-mybot/local_setup.bash
[1.040s] -- Symlinking: /home/saul/vineyard_ws/src/vineyard-mybot/install/vineyard-mybot/share/vineyard-mybot/local_setup.sh
[1.049s] -- Symlinking: /home/saul/vineyard_ws/src/vineyard-mybot/install/vineyard-mybot/share/vineyard-mybot/local_setup.zsh
[1.059s] -- Symlinking: /home/saul/vineyard_ws/src/vineyard-mybot/install/vineyard-mybot/share/vineyard-mybot/local_setup.dsv
[1.069s] -- Symlinking: /home/saul/vineyard_ws/src/vineyard-mybot/install/vineyard-mybot/share/vineyard-mybot/package.dsv
[1.080s] -- Symlinking: /home/saul/vineyard_ws/src/vineyard-mybot/install/vineyard-mybot/share/ament_index/resource_index/packages/vineyard-mybot
[1.091s] -- Symlinking: /home/saul/vineyard_ws/src/vineyard-mybot/install/vineyard-mybot/share/vineyard-mybot/cmake/vineyard-mybotConfig.cmake
[1.101s] -- Symlinking: /home/saul/vineyard_ws/src/vineyard-mybot/install/vineyard-mybot/share/vineyard-mybot/cmake/vineyard-mybotConfig-version.cmake
[1.112s] -- Symlinking: /home/saul/vineyard_ws/src/vineyard-mybot/install/vineyard-mybot/share/vineyard-mybot/package.xml
[1.127s] Invoked command in '/home/saul/vineyard_ws/src/vineyard-mybot/build/vineyard-mybot' returned '0': CMAKE_PREFIX_PATH=${CMAKE_PREFIX_PATH}:/opt/ros/kilted DEBUGINFOD_URLS=https://debuginfod.ubuntu.com /usr/bin/cmake --install /home/saul/vineyard_ws/src/vineyard-mybot/build/vineyard-mybot
