-- Install configuration: ""
-- Execute custom install script
-- Up-to-date symlink: /home/saul/vineyard_ws/src/vineyard-mybot/install/vineyard-mybot/share/vineyard-mybot/config/empty.yaml
-- Up-to-date symlink: /home/saul/vineyard_ws/src/vineyard-mybot/install/vineyard-mybot/share/vineyard-mybot/description/constants.xacro
-- Up-to-date symlink: /home/saul/vineyard_ws/src/vineyard-mybot/install/vineyard-mybot/share/vineyard-mybot/description/materials.xacro
-- Up-to-date symlink: /home/saul/vineyard_ws/src/vineyard-mybot/install/vineyard-mybot/share/vineyard-mybot/description/mower_robot.urdf.xacro
-- Up-to-date symlink: /home/saul/vineyard_ws/src/vineyard-mybot/install/vineyard-mybot/share/vineyard-mybot/description/robot_frame.xacro
-- Up-to-date symlink: /home/saul/vineyard_ws/src/vineyard-mybot/install/vineyard-mybot/share/vineyard-mybot/launch/rsp.launch.py
-- Up-to-date symlink: /home/saul/vineyard_ws/src/vineyard-mybot/install/vineyard-mybot/share/vineyard-mybot/worlds/empty.world
-- Up-to-date symlink: /home/saul/vineyard_ws/src/vineyard-mybot/install/vineyard-mybot/share/ament_index/resource_index/package_run_dependencies/vineyard-mybot
-- Up-to-date symlink: /home/saul/vineyard_ws/src/vineyard-mybot/install/vineyard-mybot/share/ament_index/resource_index/parent_prefix_path/vineyard-mybot
-- Up-to-date symlink: /home/saul/vineyard_ws/src/vineyard-mybot/install/vineyard-mybot/share/vineyard-mybot/environment/ament_prefix_path.sh
-- Up-to-date symlink: /home/saul/vineyard_ws/src/vineyard-mybot/install/vineyard-mybot/share/vineyard-mybot/environment/ament_prefix_path.dsv
-- Up-to-date symlink: /home/saul/vineyard_ws/src/vineyard-mybot/install/vineyard-mybot/share/vineyard-mybot/environment/path.sh
-- Up-to-date symlink: /home/saul/vineyard_ws/src/vineyard-mybot/install/vineyard-mybot/share/vineyard-mybot/environment/path.dsv
-- Up-to-date symlink: /home/saul/vineyard_ws/src/vineyard-mybot/install/vineyard-mybot/share/vineyard-mybot/local_setup.bash
-- Up-to-date symlink: /home/saul/vineyard_ws/src/vineyard-mybot/install/vineyard-mybot/share/vineyard-mybot/local_setup.sh
-- Up-to-date symlink: /home/saul/vineyard_ws/src/vineyard-mybot/install/vineyard-mybot/share/vineyard-mybot/local_setup.zsh
-- Up-to-date symlink: /home/saul/vineyard_ws/src/vineyard-mybot/install/vineyard-mybot/share/vineyard-mybot/local_setup.dsv
-- Symlinking: /home/saul/vineyard_ws/src/vineyard-mybot/install/vineyard-mybot/share/vineyard-mybot/package.dsv
-- Up-to-date symlink: /home/saul/vineyard_ws/src/vineyard-mybot/install/vineyard-mybot/share/ament_index/resource_index/packages/vineyard-mybot
-- Up-to-date symlink: /home/saul/vineyard_ws/src/vineyard-mybot/install/vineyard-mybot/share/vineyard-mybot/cmake/vineyard-mybotConfig.cmake
-- Up-to-date symlink: /home/saul/vineyard_ws/src/vineyard-mybot/install/vineyard-mybot/share/vineyard-mybot/cmake/vineyard-mybotConfig-version.cmake
-- Up-to-date symlink: /home/saul/vineyard_ws/src/vineyard-mybot/install/vineyard-mybot/share/vineyard-mybot/package.xml
