[0.099s] DEBUG:colcon:Command line arguments: ['/usr/bin/colcon', 'build', '--symlink-install', '--executor', 'sequential']
[0.099s] DEBUG:colcon:Parsed command line arguments: Namespace(log_base=None, log_level=None, verb_name='build', build_base='build', install_base='install', merge_install=False, symlink_install=True, test_result_base=None, continue_on_error=False, executor='sequential', parallel_workers=16, event_handlers=None, ignore_user_meta=False, metas=['./colcon.meta'], base_paths=['.'], packages_ignore=None, packages_ignore_regex=None, paths=None, packages_up_to=None, packages_up_to_regex=None, packages_above=None, packages_above_and_dependencies=None, packages_above_depth=None, packages_select_by_dep=None, packages_skip_by_dep=None, packages_skip_up_to=None, packages_select_build_failed=False, packages_skip_build_finished=False, packages_select_test_failures=False, packages_skip_test_passed=False, packages_select=None, packages_skip=None, packages_select_regex=None, packages_skip_regex=None, packages_start=None, packages_end=None, allow_overriding=[], cmake_args=None, cmake_target=None, cmake_target_skip_unavailable=False, cmake_clean_cache=False, cmake_clean_first=False, cmake_force_configure=False, ament_cmake_args=None, catkin_cmake_args=None, catkin_skip_building_tests=False, mixin_files=None, mixin=None, verb_parser=<colcon_mixin.mixin.mixin_argument.MixinArgumentDecorator object at 0x7196b2364800>, verb_extension=<colcon_core.verb.build.BuildVerb object at 0x7196b2364560>, main=<bound method BuildVerb.main of <colcon_core.verb.build.BuildVerb object at 0x7196b2364560>>, mixin_verb=('build',))
[0.134s] Level 1:colcon.colcon_core.package_discovery:discover_packages(colcon_meta) check parameters
[0.134s] Level 1:colcon.colcon_core.package_discovery:discover_packages(recursive) check parameters
[0.134s] Level 1:colcon.colcon_core.package_discovery:discover_packages(ignore) check parameters
[0.134s] Level 1:colcon.colcon_core.package_discovery:discover_packages(path) check parameters
[0.134s] Level 1:colcon.colcon_core.package_discovery:discover_packages(colcon_meta) discover
[0.134s] Level 1:colcon.colcon_core.package_discovery:discover_packages(recursive) discover
[0.134s] INFO:colcon.colcon_core.package_discovery:Crawling recursively for packages in '/home/saul/vineyard_ws/src/vineyard-mybot'
[0.134s] Level 1:colcon.colcon_core.package_identification:_identify(.) by extensions ['ignore', 'ignore_ament_install']
[0.135s] Level 1:colcon.colcon_core.package_identification:_identify(.) by extension 'ignore'
[0.135s] Level 1:colcon.colcon_core.package_identification:_identify(.) by extension 'ignore_ament_install'
[0.135s] Level 1:colcon.colcon_core.package_identification:_identify(.) by extensions ['colcon_pkg']
[0.135s] Level 1:colcon.colcon_core.package_identification:_identify(.) by extension 'colcon_pkg'
[0.135s] Level 1:colcon.colcon_core.package_identification:_identify(.) by extensions ['colcon_meta']
[0.135s] Level 1:colcon.colcon_core.package_identification:_identify(.) by extension 'colcon_meta'
[0.135s] Level 1:colcon.colcon_core.package_identification:_identify(.) by extensions ['ros']
[0.135s] Level 1:colcon.colcon_core.package_identification:_identify(.) by extension 'ros'
[0.158s] DEBUG:colcon.colcon_core.package_identification:Package '.' with type 'ros.ament_cmake' and name 'vineyard-mybot'
[0.158s] Level 1:colcon.colcon_core.package_discovery:discover_packages(recursive) using defaults
[0.158s] Level 1:colcon.colcon_core.package_discovery:discover_packages(ignore) discover
[0.158s] Level 1:colcon.colcon_core.package_discovery:discover_packages(ignore) using defaults
[0.158s] Level 1:colcon.colcon_core.package_discovery:discover_packages(path) discover
[0.158s] Level 1:colcon.colcon_core.package_discovery:discover_packages(path) using defaults
[0.173s] Level 1:colcon.colcon_core.package_discovery:discover_packages(prefix_path) check parameters
[0.173s] Level 1:colcon.colcon_core.package_discovery:discover_packages(prefix_path) discover
[0.174s] DEBUG:colcon.colcon_installed_package_information.package_discovery:Found 1 installed packages in /home/saul/vineyard_ws/src/vineyard-mybot/install
[0.174s] DEBUG:colcon.colcon_installed_package_information.package_discovery:Found 1 installed packages in /home/saul/vineyard_ws/install
[0.176s] DEBUG:colcon.colcon_installed_package_information.package_discovery:Found 325 installed packages in /opt/ros/kilted
[0.177s] Level 1:colcon.colcon_core.package_discovery:discover_packages(prefix_path) using defaults
[0.219s] Level 5:colcon.colcon_core.verb:set package 'vineyard-mybot' build argument 'cmake_args' from command line to 'None'
[0.219s] Level 5:colcon.colcon_core.verb:set package 'vineyard-mybot' build argument 'cmake_target' from command line to 'None'
[0.219s] Level 5:colcon.colcon_core.verb:set package 'vineyard-mybot' build argument 'cmake_target_skip_unavailable' from command line to 'False'
[0.219s] Level 5:colcon.colcon_core.verb:set package 'vineyard-mybot' build argument 'cmake_clean_cache' from command line to 'False'
[0.219s] Level 5:colcon.colcon_core.verb:set package 'vineyard-mybot' build argument 'cmake_clean_first' from command line to 'False'
[0.219s] Level 5:colcon.colcon_core.verb:set package 'vineyard-mybot' build argument 'cmake_force_configure' from command line to 'False'
[0.219s] Level 5:colcon.colcon_core.verb:set package 'vineyard-mybot' build argument 'ament_cmake_args' from command line to 'None'
[0.219s] Level 5:colcon.colcon_core.verb:set package 'vineyard-mybot' build argument 'catkin_cmake_args' from command line to 'None'
[0.219s] Level 5:colcon.colcon_core.verb:set package 'vineyard-mybot' build argument 'catkin_skip_building_tests' from command line to 'False'
[0.219s] DEBUG:colcon.colcon_core.verb:Building package 'vineyard-mybot' with the following arguments: {'ament_cmake_args': None, 'build_base': '/home/saul/vineyard_ws/src/vineyard-mybot/build/vineyard-mybot', 'catkin_cmake_args': None, 'catkin_skip_building_tests': False, 'cmake_args': None, 'cmake_clean_cache': False, 'cmake_clean_first': False, 'cmake_force_configure': False, 'cmake_target': None, 'cmake_target_skip_unavailable': False, 'install_base': '/home/saul/vineyard_ws/src/vineyard-mybot/install/vineyard-mybot', 'merge_install': False, 'path': '/home/saul/vineyard_ws/src/vineyard-mybot', 'symlink_install': True, 'test_result_base': None}
[0.219s] INFO:colcon.colcon_core.executor:Executing jobs using 'sequential' executor
[0.220s] DEBUG:colcon.colcon_core.executor.sequential:run_until_complete 'vineyard-mybot'
[0.220s] INFO:colcon.colcon_ros.task.ament_cmake.build:Building ROS package in '/home/saul/vineyard_ws/src/vineyard-mybot' with build type 'ament_cmake'
[0.220s] INFO:colcon.colcon_cmake.task.cmake.build:Building CMake package in '/home/saul/vineyard_ws/src/vineyard-mybot'
[0.221s] INFO:colcon.colcon_core.plugin_system:Skipping extension 'colcon_core.shell.bat': Not used on non-Windows systems
[0.222s] INFO:colcon.colcon_core.shell:Skip shell extension 'powershell' for command environment: Not usable outside of PowerShell
[0.222s] DEBUG:colcon.colcon_core.shell:Skip shell extension 'dsv' for command environment
[0.231s] DEBUG:colcon.colcon_core.event_handler.log_command:Invoking command in '/home/saul/vineyard_ws/src/vineyard-mybot/build/vineyard-mybot': CMAKE_PREFIX_PATH=${CMAKE_PREFIX_PATH}:/opt/ros/kilted DEBUGINFOD_URLS=https://debuginfod.ubuntu.com /usr/bin/cmake --build /home/saul/vineyard_ws/src/vineyard-mybot/build/vineyard-mybot -- -j16 -l16
[0.277s] DEBUG:colcon.colcon_core.event_handler.log_command:Invoked command in '/home/saul/vineyard_ws/src/vineyard-mybot/build/vineyard-mybot' returned '0': CMAKE_PREFIX_PATH=${CMAKE_PREFIX_PATH}:/opt/ros/kilted DEBUGINFOD_URLS=https://debuginfod.ubuntu.com /usr/bin/cmake --build /home/saul/vineyard_ws/src/vineyard-mybot/build/vineyard-mybot -- -j16 -l16
[0.288s] DEBUG:colcon.colcon_core.event_handler.log_command:Invoking command in '/home/saul/vineyard_ws/src/vineyard-mybot/build/vineyard-mybot': CMAKE_PREFIX_PATH=${CMAKE_PREFIX_PATH}:/opt/ros/kilted DEBUGINFOD_URLS=https://debuginfod.ubuntu.com /usr/bin/cmake --install /home/saul/vineyard_ws/src/vineyard-mybot/build/vineyard-mybot
[0.323s] Level 1:colcon.colcon_core.environment:create_environment_scripts_only(vineyard-mybot)
[0.323s] DEBUG:colcon.colcon_core.event_handler.log_command:Invoked command in '/home/saul/vineyard_ws/src/vineyard-mybot/build/vineyard-mybot' returned '0': CMAKE_PREFIX_PATH=${CMAKE_PREFIX_PATH}:/opt/ros/kilted DEBUGINFOD_URLS=https://debuginfod.ubuntu.com /usr/bin/cmake --install /home/saul/vineyard_ws/src/vineyard-mybot/build/vineyard-mybot
[0.326s] Level 1:colcon.colcon_core.environment:checking '/home/saul/vineyard_ws/src/vineyard-mybot/install/vineyard-mybot' for CMake module files
[0.326s] Level 1:colcon.colcon_core.environment:checking '/home/saul/vineyard_ws/src/vineyard-mybot/install/vineyard-mybot' for CMake config files
[0.326s] Level 1:colcon.colcon_core.shell:create_environment_hook('vineyard-mybot', 'cmake_prefix_path')
[0.326s] INFO:colcon.colcon_core.shell:Creating environment hook '/home/saul/vineyard_ws/src/vineyard-mybot/install/vineyard-mybot/share/vineyard-mybot/hook/cmake_prefix_path.ps1'
[0.327s] INFO:colcon.colcon_core.shell:Creating environment descriptor '/home/saul/vineyard_ws/src/vineyard-mybot/install/vineyard-mybot/share/vineyard-mybot/hook/cmake_prefix_path.dsv'
[0.327s] INFO:colcon.colcon_core.shell:Creating environment hook '/home/saul/vineyard_ws/src/vineyard-mybot/install/vineyard-mybot/share/vineyard-mybot/hook/cmake_prefix_path.sh'
[0.328s] Level 1:colcon.colcon_core.environment:checking '/home/saul/vineyard_ws/src/vineyard-mybot/install/vineyard-mybot/bin'
[0.328s] Level 1:colcon.colcon_core.environment:checking '/home/saul/vineyard_ws/src/vineyard-mybot/install/vineyard-mybot/lib/pkgconfig/vineyard-mybot.pc'
[0.328s] Level 1:colcon.colcon_core.environment:checking '/home/saul/vineyard_ws/src/vineyard-mybot/install/vineyard-mybot/lib/python3.12/site-packages'
[0.329s] Level 1:colcon.colcon_core.environment:checking '/home/saul/vineyard_ws/src/vineyard-mybot/install/vineyard-mybot/bin'
[0.329s] INFO:colcon.colcon_core.shell:Creating package script '/home/saul/vineyard_ws/src/vineyard-mybot/install/vineyard-mybot/share/vineyard-mybot/package.ps1'
[0.330s] INFO:colcon.colcon_core.shell:Creating package descriptor '/home/saul/vineyard_ws/src/vineyard-mybot/install/vineyard-mybot/share/vineyard-mybot/package.dsv'
[0.330s] INFO:colcon.colcon_core.shell:Creating package script '/home/saul/vineyard_ws/src/vineyard-mybot/install/vineyard-mybot/share/vineyard-mybot/package.sh'
[0.331s] INFO:colcon.colcon_core.shell:Creating package script '/home/saul/vineyard_ws/src/vineyard-mybot/install/vineyard-mybot/share/vineyard-mybot/package.bash'
[0.332s] INFO:colcon.colcon_core.shell:Creating package script '/home/saul/vineyard_ws/src/vineyard-mybot/install/vineyard-mybot/share/vineyard-mybot/package.zsh'
[0.332s] Level 1:colcon.colcon_core.environment:create_file_with_runtime_dependencies(/home/saul/vineyard_ws/src/vineyard-mybot/install/vineyard-mybot/share/colcon-core/packages/vineyard-mybot)
[0.333s] Level 1:colcon.colcon_core.environment:create_environment_scripts_only(vineyard-mybot)
[0.333s] Level 1:colcon.colcon_core.environment:checking '/home/saul/vineyard_ws/src/vineyard-mybot/install/vineyard-mybot' for CMake module files
[0.333s] Level 1:colcon.colcon_core.environment:checking '/home/saul/vineyard_ws/src/vineyard-mybot/install/vineyard-mybot' for CMake config files
[0.333s] Level 1:colcon.colcon_core.shell:create_environment_hook('vineyard-mybot', 'cmake_prefix_path')
[0.334s] INFO:colcon.colcon_core.shell:Creating environment hook '/home/saul/vineyard_ws/src/vineyard-mybot/install/vineyard-mybot/share/vineyard-mybot/hook/cmake_prefix_path.ps1'
[0.334s] INFO:colcon.colcon_core.shell:Creating environment descriptor '/home/saul/vineyard_ws/src/vineyard-mybot/install/vineyard-mybot/share/vineyard-mybot/hook/cmake_prefix_path.dsv'
[0.334s] INFO:colcon.colcon_core.shell:Creating environment hook '/home/saul/vineyard_ws/src/vineyard-mybot/install/vineyard-mybot/share/vineyard-mybot/hook/cmake_prefix_path.sh'
[0.335s] Level 1:colcon.colcon_core.environment:checking '/home/saul/vineyard_ws/src/vineyard-mybot/install/vineyard-mybot/bin'
[0.335s] Level 1:colcon.colcon_core.environment:checking '/home/saul/vineyard_ws/src/vineyard-mybot/install/vineyard-mybot/lib/pkgconfig/vineyard-mybot.pc'
[0.335s] Level 1:colcon.colcon_core.environment:checking '/home/saul/vineyard_ws/src/vineyard-mybot/install/vineyard-mybot/lib/python3.12/site-packages'
[0.335s] Level 1:colcon.colcon_core.environment:checking '/home/saul/vineyard_ws/src/vineyard-mybot/install/vineyard-mybot/bin'
[0.336s] INFO:colcon.colcon_core.shell:Creating package script '/home/saul/vineyard_ws/src/vineyard-mybot/install/vineyard-mybot/share/vineyard-mybot/package.ps1'
[0.336s] INFO:colcon.colcon_core.shell:Creating package descriptor '/home/saul/vineyard_ws/src/vineyard-mybot/install/vineyard-mybot/share/vineyard-mybot/package.dsv'
[0.337s] INFO:colcon.colcon_core.shell:Creating package script '/home/saul/vineyard_ws/src/vineyard-mybot/install/vineyard-mybot/share/vineyard-mybot/package.sh'
[0.337s] INFO:colcon.colcon_core.shell:Creating package script '/home/saul/vineyard_ws/src/vineyard-mybot/install/vineyard-mybot/share/vineyard-mybot/package.bash'
[0.337s] INFO:colcon.colcon_core.shell:Creating package script '/home/saul/vineyard_ws/src/vineyard-mybot/install/vineyard-mybot/share/vineyard-mybot/package.zsh'
[0.338s] Level 1:colcon.colcon_core.environment:create_file_with_runtime_dependencies(/home/saul/vineyard_ws/src/vineyard-mybot/install/vineyard-mybot/share/colcon-core/packages/vineyard-mybot)
[0.338s] DEBUG:colcon.colcon_core.executor.sequential:run_until_complete 'vineyard-mybot' finished with '0'
[0.338s] DEBUG:colcon.colcon_core.executor.sequential:closing loop
[0.338s] DEBUG:colcon.colcon_core.executor.sequential:loop closed
[0.338s] DEBUG:colcon.colcon_core.event_reactor:joining thread
[0.344s] INFO:colcon.colcon_core.plugin_system:Skipping extension 'colcon_notification.desktop_notification.terminal_notifier': Not used on non-Darwin systems
[0.344s] INFO:colcon.colcon_core.plugin_system:Skipping extension 'colcon_notification.desktop_notification.win32': Not used on non-Windows systems
[0.344s] INFO:colcon.colcon_notification.desktop_notification:Sending desktop notification using 'notify2'
[0.357s] DEBUG:colcon.colcon_core.event_reactor:joined thread
[0.357s] INFO:colcon.colcon_core.shell:Creating prefix script '/home/saul/vineyard_ws/src/vineyard-mybot/install/local_setup.ps1'
[0.358s] INFO:colcon.colcon_core.shell:Creating prefix util module '/home/saul/vineyard_ws/src/vineyard-mybot/install/_local_setup_util_ps1.py'
[0.359s] INFO:colcon.colcon_core.shell:Creating prefix chain script '/home/saul/vineyard_ws/src/vineyard-mybot/install/setup.ps1'
[0.361s] INFO:colcon.colcon_core.shell:Creating prefix script '/home/saul/vineyard_ws/src/vineyard-mybot/install/local_setup.sh'
[0.361s] INFO:colcon.colcon_core.shell:Creating prefix util module '/home/saul/vineyard_ws/src/vineyard-mybot/install/_local_setup_util_sh.py'
[0.362s] INFO:colcon.colcon_core.shell:Creating prefix chain script '/home/saul/vineyard_ws/src/vineyard-mybot/install/setup.sh'
[0.364s] INFO:colcon.colcon_core.shell:Creating prefix script '/home/saul/vineyard_ws/src/vineyard-mybot/install/local_setup.bash'
[0.364s] INFO:colcon.colcon_core.shell:Creating prefix chain script '/home/saul/vineyard_ws/src/vineyard-mybot/install/setup.bash'
[0.365s] INFO:colcon.colcon_core.shell:Creating prefix script '/home/saul/vineyard_ws/src/vineyard-mybot/install/local_setup.zsh'
[0.366s] INFO:colcon.colcon_core.shell:Creating prefix chain script '/home/saul/vineyard_ws/src/vineyard-mybot/install/setup.zsh'
