[0.010s] Invoking command in '/home/saul/vineyard_ws/src/vineyard-mybot/build/vineyard-mybot': CMAKE_PREFIX_PATH=${CMAKE_PREFIX_PATH}:/opt/ros/kilted DEBUGINFOD_URLS=https://debuginfod.ubuntu.com /usr/bin/cmake --build /home/saul/vineyard_ws/src/vineyard-mybot/build/vineyard-mybot -- -j16 -l16
[0.056s] Invoked command in '/home/saul/vineyard_ws/src/vineyard-mybot/build/vineyard-mybot' returned '0': CMAKE_PREFIX_PATH=${CMAKE_PREFIX_PATH}:/opt/ros/kilted DEBUGINFOD_URLS=https://debuginfod.ubuntu.com /usr/bin/cmake --build /home/saul/vineyard_ws/src/vineyard-mybot/build/vineyard-mybot -- -j16 -l16
[0.068s] Invoking command in '/home/saul/vineyard_ws/src/vineyard-mybot/build/vineyard-mybot': CMAKE_PREFIX_PATH=${CMAKE_PREFIX_PATH}:/opt/ros/kilted DEBUGINFOD_URLS=https://debuginfod.ubuntu.com /usr/bin/cmake --install /home/saul/vineyard_ws/src/vineyard-mybot/build/vineyard-mybot
[0.076s] -- Install configuration: ""
[0.076s] -- Execute custom install script
[0.076s] -- Up-to-date symlink: /home/saul/vineyard_ws/src/vineyard-mybot/install/vineyard-mybot/share/vineyard-mybot/config/empty.yaml
[0.076s] -- Up-to-date symlink: /home/saul/vineyard_ws/src/vineyard-mybot/install/vineyard-mybot/share/vineyard-mybot/description/constants.xacro
[0.077s] -- Symlinking: /home/saul/vineyard_ws/src/vineyard-mybot/install/vineyard-mybot/share/vineyard-mybot/description/inertial_properties.xacro
[0.087s] -- Up-to-date symlink: /home/saul/vineyard_ws/src/vineyard-mybot/install/vineyard-mybot/share/vineyard-mybot/description/materials.xacro
[0.087s] -- Up-to-date symlink: /home/saul/vineyard_ws/src/vineyard-mybot/install/vineyard-mybot/share/vineyard-mybot/description/mower_robot.urdf.xacro
[0.087s] -- Up-to-date symlink: /home/saul/vineyard_ws/src/vineyard-mybot/install/vineyard-mybot/share/vineyard-mybot/description/robot_frame.xacro
[0.088s] -- Up-to-date symlink: /home/saul/vineyard_ws/src/vineyard-mybot/install/vineyard-mybot/share/vineyard-mybot/launch/rsp.launch.py
[0.088s] -- Up-to-date symlink: /home/saul/vineyard_ws/src/vineyard-mybot/install/vineyard-mybot/share/vineyard-mybot/worlds/empty.world
[0.088s] -- Up-to-date symlink: /home/saul/vineyard_ws/src/vineyard-mybot/install/vineyard-mybot/share/ament_index/resource_index/package_run_dependencies/vineyard-mybot
[0.089s] -- Up-to-date symlink: /home/saul/vineyard_ws/src/vineyard-mybot/install/vineyard-mybot/share/ament_index/resource_index/parent_prefix_path/vineyard-mybot
[0.089s] -- Up-to-date symlink: /home/saul/vineyard_ws/src/vineyard-mybot/install/vineyard-mybot/share/vineyard-mybot/environment/ament_prefix_path.sh
[0.089s] -- Up-to-date symlink: /home/saul/vineyard_ws/src/vineyard-mybot/install/vineyard-mybot/share/vineyard-mybot/environment/ament_prefix_path.dsv
[0.089s] -- Up-to-date symlink: /home/saul/vineyard_ws/src/vineyard-mybot/install/vineyard-mybot/share/vineyard-mybot/environment/path.sh
[0.090s] -- Up-to-date symlink: /home/saul/vineyard_ws/src/vineyard-mybot/install/vineyard-mybot/share/vineyard-mybot/environment/path.dsv
[0.090s] -- Up-to-date symlink: /home/saul/vineyard_ws/src/vineyard-mybot/install/vineyard-mybot/share/vineyard-mybot/local_setup.bash
[0.090s] -- Up-to-date symlink: /home/saul/vineyard_ws/src/vineyard-mybot/install/vineyard-mybot/share/vineyard-mybot/local_setup.sh
[0.090s] -- Up-to-date symlink: /home/saul/vineyard_ws/src/vineyard-mybot/install/vineyard-mybot/share/vineyard-mybot/local_setup.zsh
[0.090s] -- Up-to-date symlink: /home/saul/vineyard_ws/src/vineyard-mybot/install/vineyard-mybot/share/vineyard-mybot/local_setup.dsv
[0.090s] -- Symlinking: /home/saul/vineyard_ws/src/vineyard-mybot/install/vineyard-mybot/share/vineyard-mybot/package.dsv
[0.100s] -- Up-to-date symlink: /home/saul/vineyard_ws/src/vineyard-mybot/install/vineyard-mybot/share/ament_index/resource_index/packages/vineyard-mybot
[0.101s] -- Up-to-date symlink: /home/saul/vineyard_ws/src/vineyard-mybot/install/vineyard-mybot/share/vineyard-mybot/cmake/vineyard-mybotConfig.cmake
[0.101s] -- Up-to-date symlink: /home/saul/vineyard_ws/src/vineyard-mybot/install/vineyard-mybot/share/vineyard-mybot/cmake/vineyard-mybotConfig-version.cmake
[0.101s] -- Up-to-date symlink: /home/saul/vineyard_ws/src/vineyard-mybot/install/vineyard-mybot/share/vineyard-mybot/package.xml
[0.103s] Invoked command in '/home/saul/vineyard_ws/src/vineyard-mybot/build/vineyard-mybot' returned '0': CMAKE_PREFIX_PATH=${CMAKE_PREFIX_PATH}:/opt/ros/kilted DEBUGINFOD_URLS=https://debuginfod.ubuntu.com /usr/bin/cmake --install /home/saul/vineyard_ws/src/vineyard-mybot/build/vineyard-mybot
